This file contains any messages produced by compilers while
running configure, to aid debugging if configure makes a mistake.

It was created by gtk_foobar configure 0.1, which was
generated by GNU Autoconf 2.69.  Invocation command line was

  $ /home/profding/Desktop/GTK+2.0/Interface/gtk-foobar/configure --enable-maintainer-mode CFLAGS=-g -O0 CXXFLAGS=-g -O0 JFLAGS=-g -O0 FFLAGS=-g -O0

## --------- ##
## Platform. ##
## --------- ##

hostname = ubuntu
uname -m = x86_64
uname -r = 3.19.0-25-generic
uname -s = Linux
uname -v = #26~14.04.1-Ubuntu SMP Fri Jul 24 21:16:20 UTC 2015

/usr/bin/uname -p = unknown
/bin/uname -X     = unknown

/bin/arch              = unknown
/usr/bin/arch -k       = unknown
/usr/convex/getsysinfo = unknown
/usr/bin/hostinfo      = unknown
/bin/machine           = unknown
/usr/bin/oslevel       = unknown
/bin/universe          = unknown

PATH: /usr/local/sbin
PATH: /usr/local/bin
PATH: /usr/sbin
PATH: /usr/bin
PATH: /sbin
PATH: /bin
PATH: /usr/games
PATH: /usr/local/games


## ----------- ##
## Core tests. ##
## ----------- ##

configure:2348: checking for a BSD-compatible install
configure:2416: result: /usr/bin/install -c
configure:2427: checking whether build environment is sane
configure:2482: result: yes
configure:2633: checking for a thread-safe mkdir -p
configure:2672: result: /bin/mkdir -p
configure:2679: checking for gawk
configure:2709: result: no
configure:2679: checking for mawk
configure:2695: found /usr/bin/mawk
configure:2706: result: mawk
configure:2717: checking whether make sets $(MAKE)
configure:2739: result: yes
configure:2768: checking whether make supports nested variables
configure:2785: result: yes
configure:2922: checking whether make supports nested variables
configure:2939: result: yes
configure:2999: checking for gcc
configure:3015: found /usr/bin/gcc
configure:3026: result: gcc
configure:3255: checking for C compiler version
configure:3264: gcc --version >&5
gcc (Ubuntu 4.8.4-2ubuntu1~14.04.3) 4.8.4
Copyright (C) 2013 Free Software Foundation, Inc.
This is free software; see the source for copying conditions.  There is NO
warranty; not even for MERCHANTABILITY or FITNESS FOR A PARTICULAR PURPOSE.

configure:3275: $? = 0
configure:3264: gcc -v >&5
Using built-in specs.
COLLECT_GCC=gcc
COLLECT_LTO_WRAPPER=/usr/lib/gcc/x86_64-linux-gnu/4.8/lto-wrapper
Target: x86_64-linux-gnu
Configured with: ../src/configure -v --with-pkgversion='Ubuntu 4.8.4-2ubuntu1~14.04.3' --with-bugurl=file:///usr/share/doc/gcc-4.8/README.Bugs --enable-languages=c,c++,java,go,d,fortran,objc,obj-c++ --prefix=/usr --program-suffix=-4.8 --enable-shared --enable-linker-build-id --libexecdir=/usr/lib --without-included-gettext --enable-threads=posix --with-gxx-include-dir=/usr/include/c++/4.8 --libdir=/usr/lib --enable-nls --with-sysroot=/ --enable-clocale=gnu --enable-libstdcxx-debug --enable-libstdcxx-time=yes --enable-gnu-unique-object --disable-libmudflap --enable-plugin --with-system-zlib --disable-browser-plugin --enable-java-awt=gtk --enable-gtk-cairo --with-java-home=/usr/lib/jvm/java-1.5.0-gcj-4.8-amd64/jre --enable-java-home --with-jvm-root-dir=/usr/lib/jvm/java-1.5.0-gcj-4.8-amd64 --with-jvm-jar-dir=/usr/lib/jvm-exports/java-1.5.0-gcj-4.8-amd64 --with-arch-directory=amd64 --with-ecj-jar=/usr/share/java/eclipse-ecj.jar --enable-objc-gc --enable-multiarch --disable-werror --with-arch-32=i686 --with-abi=m64 --with-multilib-list=m32,m64,mx32 --with-tune=generic --enable-checking=release --build=x86_64-linux-gnu --host=x86_64-linux-gnu --target=x86_64-linux-gnu
Thread model: posix
gcc version 4.8.4 (Ubuntu 4.8.4-2ubuntu1~14.04.3) 
configure:3275: $? = 0
configure:3264: gcc -V >&5
gcc: error: unrecognized command line option '-V'
gcc: fatal error: no input files
compilation terminated.
configure:3275: $? = 4
configure:3264: gcc -qversion >&5
gcc: error: unrecognized command line option '-qversion'
gcc: fatal error: no input files
compilation terminated.
configure:3275: $? = 4
configure:3295: checking whether the C compiler works
configure:3317: gcc -g -O0   conftest.c  >&5
configure:3321: $? = 0
configure:3369: result: yes
configure:3372: checking for C compiler default output file name
configure:3374: result: a.out
configure:3380: checking for suffix of executables
configure:3387: gcc -o conftest -g -O0   conftest.c  >&5
configure:3391: $? = 0
configure:3413: result: 
configure:3435: checking whether we are cross compiling
configure:3443: gcc -o conftest -g -O0   conftest.c  >&5
configure:3447: $? = 0
configure:3454: ./conftest
configure:3458: $? = 0
configure:3473: result: no
configure:3478: checking for suffix of object files
configure:3500: gcc -c -g -O0  conftest.c >&5
configure:3504: $? = 0
configure:3525: result: o
configure:3529: checking whether we are using the GNU C compiler
configure:3548: gcc -c -g -O0  conftest.c >&5
configure:3548: $? = 0
configure:3557: result: yes
configure:3566: checking whether gcc accepts -g
configure:3586: gcc -c -g  conftest.c >&5
configure:3586: $? = 0
configure:3627: result: yes
configure:3644: checking for gcc option to accept ISO C89
configure:3707: gcc  -c -g -O0  conftest.c >&5
configure:3707: $? = 0
configure:3720: result: none needed
configure:3745: checking whether gcc understands -c and -o together
configure:3767: gcc -c conftest.c -o conftest2.o
configure:3770: $? = 0
configure:3767: gcc -c conftest.c -o conftest2.o
configure:3770: $? = 0
configure:3782: result: yes
configure:3810: checking for style of include used by make
configure:3838: result: GNU
configure:3864: checking dependency style of gcc
configure:3975: result: gcc3
configure:3995: checking whether NLS is requested
configure:4004: result: yes
configure:4023: checking for intltool >= 0.35.0
configure:4025: result: 0.50.2 found
configure:4033: checking for intltool-update
configure:4051: found /usr/bin/intltool-update
configure:4063: result: /usr/bin/intltool-update
configure:4073: checking for intltool-merge
configure:4091: found /usr/bin/intltool-merge
configure:4103: result: /usr/bin/intltool-merge
configure:4113: checking for intltool-extract
configure:4131: found /usr/bin/intltool-extract
configure:4143: result: /usr/bin/intltool-extract
configure:4297: checking for xgettext
configure:4315: found /usr/bin/xgettext
configure:4327: result: /usr/bin/xgettext
configure:4337: checking for msgmerge
configure:4355: found /usr/bin/msgmerge
configure:4367: result: /usr/bin/msgmerge
configure:4377: checking for msgfmt
configure:4395: found /usr/bin/msgfmt
configure:4407: result: /usr/bin/msgfmt
configure:4417: checking for gmsgfmt
configure:4448: result: /usr/bin/msgfmt
configure:4468: checking for perl
configure:4486: found /usr/bin/perl
configure:4498: result: /usr/bin/perl
configure:4509: checking for perl >= 5.8.1
configure:4516: result: 5.18.2
configure:4520: checking for XML::Parser
configure:4523: result: ok
configure:4548: gcc -o conftest -g -O0   conftest.c  >&5
configure:4548: $? = 0
configure:4588: checking how to run the C preprocessor
configure:4619: gcc -E  conftest.c
configure:4619: $? = 0
configure:4633: gcc -E  conftest.c
conftest.c:12:28: fatal error: ac_nonexistent.h: No such file or directory
 #include <ac_nonexistent.h>
                            ^
compilation terminated.
configure:4633: $? = 1
configure: failed program was:
| /* confdefs.h */
| #define PACKAGE_NAME "gtk_foobar"
| #define PACKAGE_TARNAME "gtk_foobar"
| #define PACKAGE_VERSION "0.1"
| #define PACKAGE_STRING "gtk_foobar 0.1"
| #define PACKAGE_BUGREPORT ""
| #define PACKAGE_URL ""
| #define PACKAGE "gtk_foobar"
| #define VERSION "0.1"
| #define GETTEXT_PACKAGE "gtk_foobar"
| /* end confdefs.h.  */
| #include <ac_nonexistent.h>
configure:4658: result: gcc -E
configure:4678: gcc -E  conftest.c
configure:4678: $? = 0
configure:4692: gcc -E  conftest.c
conftest.c:12:28: fatal error: ac_nonexistent.h: No such file or directory
 #include <ac_nonexistent.h>
                            ^
compilation terminated.
configure:4692: $? = 1
configure: failed program was:
| /* confdefs.h */
| #define PACKAGE_NAME "gtk_foobar"
| #define PACKAGE_TARNAME "gtk_foobar"
| #define PACKAGE_VERSION "0.1"
| #define PACKAGE_STRING "gtk_foobar 0.1"
| #define PACKAGE_BUGREPORT ""
| #define PACKAGE_URL ""
| #define PACKAGE "gtk_foobar"
| #define VERSION "0.1"
| #define GETTEXT_PACKAGE "gtk_foobar"
| /* end confdefs.h.  */
| #include <ac_nonexistent.h>
configure:4721: checking for grep that handles long lines and -e
configure:4779: result: /bin/grep
configure:4784: checking for egrep
configure:4846: result: /bin/grep -E
configure:4851: checking for ANSI C header files
configure:4871: gcc -c -g -O0  conftest.c >&5
configure:4871: $? = 0
configure:4944: gcc -o conftest -g -O0   conftest.c  >&5
configure:4944: $? = 0
configure:4944: ./conftest
configure:4944: $? = 0
configure:4955: result: yes
configure:4968: checking for sys/types.h
configure:4968: gcc -c -g -O0  conftest.c >&5
configure:4968: $? = 0
configure:4968: result: yes
configure:4968: checking for sys/stat.h
configure:4968: gcc -c -g -O0  conftest.c >&5
configure:4968: $? = 0
configure:4968: result: yes
configure:4968: checking for stdlib.h
configure:4968: gcc -c -g -O0  conftest.c >&5
configure:4968: $? = 0
configure:4968: result: yes
configure:4968: checking for string.h
configure:4968: gcc -c -g -O0  conftest.c >&5
configure:4968: $? = 0
configure:4968: result: yes
configure:4968: checking for memory.h
configure:4968: gcc -c -g -O0  conftest.c >&5
configure:4968: $? = 0
configure:4968: result: yes
configure:4968: checking for strings.h
configure:4968: gcc -c -g -O0  conftest.c >&5
configure:4968: $? = 0
configure:4968: result: yes
configure:4968: checking for inttypes.h
configure:4968: gcc -c -g -O0  conftest.c >&5
configure:4968: $? = 0
configure:4968: result: yes
configure:4968: checking for stdint.h
configure:4968: gcc -c -g -O0  conftest.c >&5
configure:4968: $? = 0
configure:4968: result: yes
configure:4968: checking for unistd.h
configure:4968: gcc -c -g -O0  conftest.c >&5
configure:4968: $? = 0
configure:4968: result: yes
configure:4983: checking locale.h usability
configure:4983: gcc -c -g -O0  conftest.c >&5
configure:4983: $? = 0
configure:4983: result: yes
configure:4983: checking locale.h presence
configure:4983: gcc -E  conftest.c
configure:4983: $? = 0
configure:4983: result: yes
configure:4983: checking for locale.h
configure:4983: result: yes
configure:4994: checking for LC_MESSAGES
configure:5010: gcc -o conftest -g -O0   conftest.c  >&5
configure:5010: $? = 0
configure:5018: result: yes
configure:5035: checking libintl.h usability
configure:5035: gcc -c -g -O0  conftest.c >&5
configure:5035: $? = 0
configure:5035: result: yes
configure:5035: checking libintl.h presence
configure:5035: gcc -E  conftest.c
configure:5035: $? = 0
configure:5035: result: yes
configure:5035: checking for libintl.h
configure:5035: result: yes
configure:5043: checking for ngettext in libc
configure:5061: gcc -o conftest -g -O0   conftest.c  >&5
configure:5061: $? = 0
configure:5070: result: yes
configure:5074: checking for dgettext in libc
configure:5092: gcc -o conftest -g -O0   conftest.c  >&5
configure:5092: $? = 0
configure:5101: result: yes
configure:5108: checking for bind_textdomain_codeset
configure:5108: gcc -o conftest -g -O0   conftest.c  >&5
configure:5108: $? = 0
configure:5108: result: yes
configure:5384: checking for msgfmt
configure:5411: result: /usr/bin/msgfmt
configure:5422: checking for dcgettext
configure:5422: gcc -o conftest -g -O0   conftest.c   >&5
conftest.c:49:6: warning: conflicting types for built-in function 'dcgettext' [enabled by default]
 char dcgettext ();
      ^
configure:5422: $? = 0
configure:5422: result: yes
configure:5432: checking if msgfmt accepts -c
configure:5447: $MSGFMT -c -o /dev/null conftest.foo
conftest.foo:3: warning: header field 'Language' missing in header
configure:5450: $? = 0
configure:5452: result: yes
configure:5462: checking for gmsgfmt
configure:5493: result: /usr/bin/msgfmt
configure:5503: checking for xgettext
configure:5530: result: /usr/bin/xgettext
configure:5549: gcc -o conftest -g -O0   conftest.c   >&5
configure:5549: $? = 0
configure:5722: checking build system type
configure:5736: result: x86_64-unknown-linux-gnu
configure:5756: checking host system type
configure:5769: result: x86_64-unknown-linux-gnu
configure:5810: checking how to print strings
configure:5837: result: printf
configure:5858: checking for a sed that does not truncate output
configure:5922: result: /bin/sed
configure:5940: checking for fgrep
configure:6002: result: /bin/grep -F
configure:6037: checking for ld used by gcc
configure:6104: result: /usr/bin/ld
configure:6111: checking if the linker (/usr/bin/ld) is GNU ld
configure:6126: result: yes
configure:6138: checking for BSD- or MS-compatible name lister (nm)
configure:6187: result: /usr/bin/nm -B
configure:6317: checking the name lister (/usr/bin/nm -B) interface
configure:6324: gcc -c -g -O0  conftest.c >&5
configure:6327: /usr/bin/nm -B "conftest.o"
configure:6330: output
0000000000000000 B some_variable
configure:6337: result: BSD nm
configure:6340: checking whether ln -s works
configure:6344: result: yes
configure:6352: checking the maximum length of command line arguments
configure:6483: result: 1572864
configure:6500: checking whether the shell understands some XSI constructs
configure:6510: result: yes
configure:6514: checking whether the shell understands "+="
configure:6520: result: yes
configure:6555: checking how to convert x86_64-unknown-linux-gnu file names to x86_64-unknown-linux-gnu format
configure:6595: result: func_convert_file_noop
configure:6602: checking how to convert x86_64-unknown-linux-gnu file names to toolchain format
configure:6622: result: func_convert_file_noop
configure:6629: checking for /usr/bin/ld option to reload object files
configure:6636: result: -r
configure:6710: checking for objdump
configure:6726: found /usr/bin/objdump
configure:6737: result: objdump
configure:6769: checking how to recognize dependent libraries
configure:6967: result: pass_all
configure:7052: checking for dlltool
configure:7082: result: no
configure:7112: checking how to associate runtime and link libraries
configure:7139: result: printf %s\n
configure:7199: checking for ar
configure:7215: found /usr/bin/ar
configure:7226: result: ar
configure:7263: checking for archiver @FILE support
configure:7280: gcc -c -g -O0  conftest.c >&5
configure:7280: $? = 0
configure:7283: ar cru libconftest.a @conftest.lst >&5
configure:7286: $? = 0
configure:7291: ar cru libconftest.a @conftest.lst >&5
ar: conftest.o: No such file or directory
configure:7294: $? = 1
configure:7306: result: @
configure:7364: checking for strip
configure:7380: found /usr/bin/strip
configure:7391: result: strip
configure:7463: checking for ranlib
configure:7479: found /usr/bin/ranlib
configure:7490: result: ranlib
configure:7592: checking command to parse /usr/bin/nm -B output from gcc object
configure:7712: gcc -c -g -O0  conftest.c >&5
configure:7715: $? = 0
configure:7719: /usr/bin/nm -B conftest.o \| sed -n -e 's/^.*[ ]\([ABCDGIRSTW][ABCDGIRSTW]*\)[ ][ ]*\([_A-Za-z][_A-Za-z0-9]*\)$/\1 \2 \2/p' | sed '/ __gnu_lto/d' \> conftest.nm
configure:7722: $? = 0
configure:7788: gcc -o conftest -g -O0   conftest.c conftstm.o >&5
configure:7791: $? = 0
configure:7829: result: ok
configure:7866: checking for sysroot
configure:7896: result: no
configure:7973: gcc -c -g -O0  conftest.c >&5
configure:7976: $? = 0
configure:8165: checking for mt
configure:8181: found /bin/mt
configure:8192: result: mt
configure:8215: checking if mt is a manifest tool
configure:8221: mt '-?'
configure:8229: result: no
configure:8868: checking for dlfcn.h
configure:8868: gcc -c -g -O0  conftest.c >&5
configure:8868: $? = 0
configure:8868: result: yes
configure:9074: checking for objdir
configure:9089: result: .libs
configure:9356: checking if gcc supports -fno-rtti -fno-exceptions
configure:9374: gcc -c -g -O0  -fno-rtti -fno-exceptions conftest.c >&5
cc1: warning: command line option '-fno-rtti' is valid for C++/ObjC++ but not for C [enabled by default]
configure:9378: $? = 0
configure:9391: result: no
configure:9718: checking for gcc option to produce PIC
configure:9725: result: -fPIC -DPIC
configure:9733: checking if gcc PIC flag -fPIC -DPIC works
configure:9751: gcc -c -g -O0  -fPIC -DPIC -DPIC conftest.c >&5
configure:9755: $? = 0
configure:9768: result: yes
configure:9797: checking if gcc static flag -static works
configure:9825: result: yes
configure:9840: checking if gcc supports -c -o file.o
configure:9861: gcc -c -g -O0  -o out/conftest2.o conftest.c >&5
configure:9865: $? = 0
configure:9887: result: yes
configure:9895: checking if gcc supports -c -o file.o
configure:9942: result: yes
configure:9975: checking whether the gcc linker (/usr/bin/ld -m elf_x86_64) supports shared libraries
configure:11132: result: yes
configure:11169: checking whether -lc should be explicitly linked in
configure:11177: gcc -c -g -O0  conftest.c >&5
configure:11180: $? = 0
configure:11195: gcc -shared  -fPIC -DPIC conftest.o  -v -Wl,-soname -Wl,conftest -o conftest 2\>\&1 \| /bin/grep  -lc  \>/dev/null 2\>\&1
configure:11198: $? = 0
configure:11212: result: no
configure:11372: checking dynamic linker characteristics
configure:11872: gcc -o conftest -g -O0   -Wl,-rpath -Wl,/foo conftest.c  >&5
configure:11872: $? = 0
configure:12106: result: GNU/Linux ld.so
configure:12213: checking how to hardcode library paths into programs
configure:12238: result: immediate
configure:12778: checking whether stripping libraries is possible
configure:12783: result: yes
configure:12818: checking if libtool supports shared libraries
configure:12820: result: yes
configure:12823: checking whether to build shared libraries
configure:12844: result: yes
configure:12847: checking whether to build static libraries
configure:12851: result: yes
configure:12944: checking for pkg-config
configure:12962: found /usr/bin/pkg-config
configure:12974: result: /usr/bin/pkg-config
configure:12999: checking pkg-config is at least version 0.9.0
configure:13002: result: yes
configure:13012: checking for GTK_FOOBAR
configure:13019: $PKG_CONFIG --exists --print-errors "gtk+-3.0 "
configure:13022: $? = 0
configure:13036: $PKG_CONFIG --exists --print-errors "gtk+-3.0 "
configure:13039: $? = 0
configure:13097: result: yes
configure:13108: checking for gtk-doc
configure:13111: $PKG_CONFIG --exists --print-errors "$gtk_doc_requires"
configure:13114: $? = 0
configure:13120: result: yes
configure:13134: checking for gtkdoc-check
configure:13150: found /usr/bin/gtkdoc-check
configure:13161: result: gtkdoc-check.test
configure:13171: checking for gtkdoc-check
configure:13189: found /usr/bin/gtkdoc-check
configure:13201: result: /usr/bin/gtkdoc-check
configure:13213: checking for gtkdoc-rebase
configure:13231: found /usr/bin/gtkdoc-rebase
configure:13243: result: /usr/bin/gtkdoc-rebase
configure:13257: checking for gtkdoc-mkpdf
configure:13275: found /usr/bin/gtkdoc-mkpdf
configure:13287: result: /usr/bin/gtkdoc-mkpdf
configure:13315: checking whether to build gtk-doc documentation
configure:13317: result: no
configure:13330: checking for GTKDOC_DEPS
configure:13337: $PKG_CONFIG --exists --print-errors "glib-2.0 >= 2.10.0 gobject-2.0  >= 2.10.0"
configure:13340: $? = 0
configure:13354: $PKG_CONFIG --exists --print-errors "glib-2.0 >= 2.10.0 gobject-2.0  >= 2.10.0"
configure:13357: $? = 0
configure:13395: result: yes
configure:13587: checking that generated files are newer than configure
configure:13593: result: done
configure:13644: creating ./config.status

## ---------------------- ##
## Running config.status. ##
## ---------------------- ##

This file was extended by gtk_foobar config.status 0.1, which was
generated by GNU Autoconf 2.69.  Invocation command line was

  CONFIG_FILES    = 
  CONFIG_HEADERS  = 
  CONFIG_LINKS    = 
  CONFIG_COMMANDS = 
  $ ./config.status 

on ubuntu

config.status:1185: creating Makefile
config.status:1185: creating src/Makefile
config.status:1185: creating po/Makefile.in
config.status:1185: creating config.h
config.status:1399: executing depfiles commands
config.status:1399: executing default-1 commands
config.status:1399: executing libtool commands
config.status:1399: executing po/stamp-it commands
configure:15892: WARNING: unrecognized options: --enable-maintainer-mode

## ---------------- ##
## Cache variables. ##
## ---------------- ##

ac_cv_build=x86_64-unknown-linux-gnu
ac_cv_c_compiler_gnu=yes
ac_cv_env_CC_set=
ac_cv_env_CC_value=
ac_cv_env_CFLAGS_set=set
ac_cv_env_CFLAGS_value='-g -O0'
ac_cv_env_CPPFLAGS_set=
ac_cv_env_CPPFLAGS_value=
ac_cv_env_CPP_set=
ac_cv_env_CPP_value=
ac_cv_env_GTKDOC_DEPS_CFLAGS_set=
ac_cv_env_GTKDOC_DEPS_CFLAGS_value=
ac_cv_env_GTKDOC_DEPS_LIBS_set=
ac_cv_env_GTKDOC_DEPS_LIBS_value=
ac_cv_env_GTK_FOOBAR_CFLAGS_set=
ac_cv_env_GTK_FOOBAR_CFLAGS_value=
ac_cv_env_GTK_FOOBAR_LIBS_set=
ac_cv_env_GTK_FOOBAR_LIBS_value=
ac_cv_env_LDFLAGS_set=
ac_cv_env_LDFLAGS_value=
ac_cv_env_LIBS_set=
ac_cv_env_LIBS_value=
ac_cv_env_PKG_CONFIG_LIBDIR_set=
ac_cv_env_PKG_CONFIG_LIBDIR_value=
ac_cv_env_PKG_CONFIG_PATH_set=
ac_cv_env_PKG_CONFIG_PATH_value=
ac_cv_env_PKG_CONFIG_set=
ac_cv_env_PKG_CONFIG_value=
ac_cv_env_build_alias_set=
ac_cv_env_build_alias_value=
ac_cv_env_host_alias_set=
ac_cv_env_host_alias_value=
ac_cv_env_target_alias_set=
ac_cv_env_target_alias_value=
ac_cv_func_bind_textdomain_codeset=yes
ac_cv_func_dcgettext=yes
ac_cv_header_dlfcn_h=yes
ac_cv_header_inttypes_h=yes
ac_cv_header_libintl_h=yes
ac_cv_header_locale_h=yes
ac_cv_header_memory_h=yes
ac_cv_header_stdc=yes
ac_cv_header_stdint_h=yes
ac_cv_header_stdlib_h=yes
ac_cv_header_string_h=yes
ac_cv_header_strings_h=yes
ac_cv_header_sys_stat_h=yes
ac_cv_header_sys_types_h=yes
ac_cv_header_unistd_h=yes
ac_cv_host=x86_64-unknown-linux-gnu
ac_cv_objext=o
ac_cv_path_EGREP='/bin/grep -E'
ac_cv_path_FGREP='/bin/grep -F'
ac_cv_path_GMSGFMT=/usr/bin/msgfmt
ac_cv_path_GREP=/bin/grep
ac_cv_path_GTKDOC_CHECK_PATH=/usr/bin/gtkdoc-check
ac_cv_path_GTKDOC_MKPDF=/usr/bin/gtkdoc-mkpdf
ac_cv_path_GTKDOC_REBASE=/usr/bin/gtkdoc-rebase
ac_cv_path_INTLTOOL_EXTRACT=/usr/bin/intltool-extract
ac_cv_path_INTLTOOL_MERGE=/usr/bin/intltool-merge
ac_cv_path_INTLTOOL_PERL=/usr/bin/perl
ac_cv_path_INTLTOOL_UPDATE=/usr/bin/intltool-update
ac_cv_path_MSGFMT=/usr/bin/msgfmt
ac_cv_path_MSGMERGE=/usr/bin/msgmerge
ac_cv_path_SED=/bin/sed
ac_cv_path_XGETTEXT=/usr/bin/xgettext
ac_cv_path_ac_pt_PKG_CONFIG=/usr/bin/pkg-config
ac_cv_path_install='/usr/bin/install -c'
ac_cv_path_mkdir=/bin/mkdir
ac_cv_prog_AWK=mawk
ac_cv_prog_CPP='gcc -E'
ac_cv_prog_GTKDOC_CHECK=gtkdoc-check.test
ac_cv_prog_ac_ct_AR=ar
ac_cv_prog_ac_ct_CC=gcc
ac_cv_prog_ac_ct_MANIFEST_TOOL=mt
ac_cv_prog_ac_ct_OBJDUMP=objdump
ac_cv_prog_ac_ct_RANLIB=ranlib
ac_cv_prog_ac_ct_STRIP=strip
ac_cv_prog_cc_c89=
ac_cv_prog_cc_g=yes
ac_cv_prog_make_make_set=yes
am_cv_CC_dependencies_compiler_type=gcc3
am_cv_make_support_nested_variables=yes
am_cv_prog_cc_c_o=yes
am_cv_val_LC_MESSAGES=yes
gt_cv_func_dgettext_libc=yes
gt_cv_func_dgettext_libintl=no
gt_cv_func_ngettext_libc=yes
gt_cv_have_gettext=yes
lt_cv_ar_at_file=@
lt_cv_archive_cmds_need_lc=no
lt_cv_deplibs_check_method=pass_all
lt_cv_file_magic_cmd='$MAGIC_CMD'
lt_cv_file_magic_test_file=
lt_cv_ld_reload_flag=-r
lt_cv_nm_interface='BSD nm'
lt_cv_objdir=.libs
lt_cv_path_LD=/usr/bin/ld
lt_cv_path_NM='/usr/bin/nm -B'
lt_cv_path_mainfest_tool=no
lt_cv_prog_compiler_c_o=yes
lt_cv_prog_compiler_pic='-fPIC -DPIC'
lt_cv_prog_compiler_pic_works=yes
lt_cv_prog_compiler_rtti_exceptions=no
lt_cv_prog_compiler_static_works=yes
lt_cv_prog_gnu_ld=yes
lt_cv_sharedlib_from_linklib_cmd='printf %s\n'
lt_cv_shlibpath_overrides_runpath=no
lt_cv_sys_global_symbol_pipe='sed -n -e '\''s/^.*[	 ]\([ABCDGIRSTW][ABCDGIRSTW]*\)[	 ][	 ]*\([_A-Za-z][_A-Za-z0-9]*\)$/\1 \2 \2/p'\'' | sed '\''/ __gnu_lto/d'\'''
lt_cv_sys_global_symbol_to_c_name_address='sed -n -e '\''s/^: \([^ ]*\)[ ]*$/  {\"\1\", (void *) 0},/p'\'' -e '\''s/^[ABCDGIRSTW]* \([^ ]*\) \([^ ]*\)$/  {"\2", (void *) \&\2},/p'\'''
lt_cv_sys_global_symbol_to_c_name_address_lib_prefix='sed -n -e '\''s/^: \([^ ]*\)[ ]*$/  {\"\1\", (void *) 0},/p'\'' -e '\''s/^[ABCDGIRSTW]* \([^ ]*\) \(lib[^ ]*\)$/  {"\2", (void *) \&\2},/p'\'' -e '\''s/^[ABCDGIRSTW]* \([^ ]*\) \([^ ]*\)$/  {"lib\2", (void *) \&\2},/p'\'''
lt_cv_sys_global_symbol_to_cdecl='sed -n -e '\''s/^T .* \(.*\)$/extern int \1();/p'\'' -e '\''s/^[ABCDGIRSTW]* .* \(.*\)$/extern char \1;/p'\'''
lt_cv_sys_max_cmd_len=1572864
lt_cv_to_host_file_cmd=func_convert_file_noop
lt_cv_to_tool_file_cmd=func_convert_file_noop
pkg_cv_GTKDOC_DEPS_CFLAGS='-I/usr/include/glib-2.0 -I/usr/lib/x86_64-linux-gnu/glib-2.0/include  '
pkg_cv_GTKDOC_DEPS_LIBS='-lgobject-2.0 -lglib-2.0  '
pkg_cv_GTK_FOOBAR_CFLAGS='-pthread -I/usr/include/gtk-3.0 -I/usr/include/atk-1.0 -I/usr/include/at-spi2-atk/2.0 -I/usr/include/pango-1.0 -I/usr/include/gio-unix-2.0/ -I/usr/include/cairo -I/usr/include/gdk-pixbuf-2.0 -I/usr/include/glib-2.0 -I/usr/lib/x86_64-linux-gnu/glib-2.0/include -I/usr/include/harfbuzz -I/usr/include/freetype2 -I/usr/include/pixman-1 -I/usr/include/libpng12  '
pkg_cv_GTK_FOOBAR_LIBS='-lgtk-3 -lgdk-3 -latk-1.0 -lgio-2.0 -lpangocairo-1.0 -lgdk_pixbuf-2.0 -lcairo-gobject -lpango-1.0 -lcairo -lgobject-2.0 -lglib-2.0  '

## ----------------- ##
## Output variables. ##
## ----------------- ##

ACLOCAL='${SHELL} /home/profding/Desktop/GTK+2.0/Interface/gtk-foobar/missing aclocal-1.14'
ALL_LINGUAS=''
AMDEPBACKSLASH='\'
AMDEP_FALSE='#'
AMDEP_TRUE=''
AMTAR='$${TAR-tar}'
AM_BACKSLASH='\'
AM_DEFAULT_V='$(AM_DEFAULT_VERBOSITY)'
AM_DEFAULT_VERBOSITY='0'
AM_V='$(V)'
AR='ar'
AUTOCONF='${SHELL} /home/profding/Desktop/GTK+2.0/Interface/gtk-foobar/missing autoconf'
AUTOHEADER='${SHELL} /home/profding/Desktop/GTK+2.0/Interface/gtk-foobar/missing autoheader'
AUTOMAKE='${SHELL} /home/profding/Desktop/GTK+2.0/Interface/gtk-foobar/missing automake-1.14'
AWK='mawk'
CATALOGS=''
CATOBJEXT='.gmo'
CC='gcc'
CCDEPMODE='depmode=gcc3'
CFLAGS='-g -O0'
CPP='gcc -E'
CPPFLAGS=''
CYGPATH_W='echo'
DATADIRNAME='share'
DEFS='-DHAVE_CONFIG_H'
DEPDIR='.deps'
DLLTOOL='false'
DSYMUTIL=''
DUMPBIN=''
ECHO_C=''
ECHO_N='-n'
ECHO_T=''
EGREP='/bin/grep -E'
ENABLE_GTK_DOC_FALSE=''
ENABLE_GTK_DOC_TRUE='#'
EXEEXT=''
FGREP='/bin/grep -F'
GETTEXT_PACKAGE='gtk_foobar'
GMOFILES=''
GMSGFMT='/usr/bin/msgfmt'
GREP='/bin/grep'
GTKDOC_CHECK='gtkdoc-check.test'
GTKDOC_CHECK_PATH='/usr/bin/gtkdoc-check'
GTKDOC_DEPS_CFLAGS='-I/usr/include/glib-2.0 -I/usr/lib/x86_64-linux-gnu/glib-2.0/include  '
GTKDOC_DEPS_LIBS='-lgobject-2.0 -lglib-2.0  '
GTKDOC_MKPDF='/usr/bin/gtkdoc-mkpdf'
GTKDOC_REBASE='/usr/bin/gtkdoc-rebase'
GTK_DOC_BUILD_HTML_FALSE='#'
GTK_DOC_BUILD_HTML_TRUE=''
GTK_DOC_BUILD_PDF_FALSE=''
GTK_DOC_BUILD_PDF_TRUE='#'
GTK_DOC_USE_LIBTOOL_FALSE='#'
GTK_DOC_USE_LIBTOOL_TRUE=''
GTK_DOC_USE_REBASE_FALSE='#'
GTK_DOC_USE_REBASE_TRUE=''
GTK_FOOBAR_CFLAGS='-pthread -I/usr/include/gtk-3.0 -I/usr/include/atk-1.0 -I/usr/include/at-spi2-atk/2.0 -I/usr/include/pango-1.0 -I/usr/include/gio-unix-2.0/ -I/usr/include/cairo -I/usr/include/gdk-pixbuf-2.0 -I/usr/include/glib-2.0 -I/usr/lib/x86_64-linux-gnu/glib-2.0/include -I/usr/include/harfbuzz -I/usr/include/freetype2 -I/usr/include/pixman-1 -I/usr/include/libpng12  '
GTK_FOOBAR_LIBS='-lgtk-3 -lgdk-3 -latk-1.0 -lgio-2.0 -lpangocairo-1.0 -lgdk_pixbuf-2.0 -lcairo-gobject -lpango-1.0 -lcairo -lgobject-2.0 -lglib-2.0  '
HAVE_GTK_DOC_FALSE='#'
HAVE_GTK_DOC_TRUE=''
HTML_DIR='${datadir}/gtk-doc/html'
INSTALL_DATA='${INSTALL} -m 644'
INSTALL_PROGRAM='${INSTALL}'
INSTALL_SCRIPT='${INSTALL}'
INSTALL_STRIP_PROGRAM='$(install_sh) -c -s'
INSTOBJEXT='.mo'
INTLLIBS=''
INTLTOOL_CAVES_RULE='%.caves:     %.caves.in     $(INTLTOOL_MERGE) $(wildcard $(top_srcdir)/po/*.po) ; $(INTLTOOL_V_MERGE)LC_ALL=C $(INTLTOOL_MERGE) $(INTLTOOL_V_MERGE_OPTIONS) -d -u -c $(top_builddir)/po/.intltool-merge-cache $(top_srcdir)/po $< $@'
INTLTOOL_DESKTOP_RULE='%.desktop:   %.desktop.in   $(INTLTOOL_MERGE) $(wildcard $(top_srcdir)/po/*.po) ; $(INTLTOOL_V_MERGE)LC_ALL=C $(INTLTOOL_MERGE) $(INTLTOOL_V_MERGE_OPTIONS) -d -u -c $(top_builddir)/po/.intltool-merge-cache $(top_srcdir)/po $< $@'
INTLTOOL_DIRECTORY_RULE='%.directory: %.directory.in $(INTLTOOL_MERGE) $(wildcard $(top_srcdir)/po/*.po) ; $(INTLTOOL_V_MERGE)LC_ALL=C $(INTLTOOL_MERGE) $(INTLTOOL_V_MERGE_OPTIONS) -d -u -c $(top_builddir)/po/.intltool-merge-cache $(top_srcdir)/po $< $@'
INTLTOOL_EXTRACT='/usr/bin/intltool-extract'
INTLTOOL_KBD_RULE='%.kbd:       %.kbd.in       $(INTLTOOL_MERGE) $(wildcard $(top_srcdir)/po/*.po) ; $(INTLTOOL_V_MERGE)LC_ALL=C $(INTLTOOL_MERGE) $(INTLTOOL_V_MERGE_OPTIONS) -x -u -m -c $(top_builddir)/po/.intltool-merge-cache $(top_srcdir)/po $< $@'
INTLTOOL_KEYS_RULE='%.keys:      %.keys.in      $(INTLTOOL_MERGE) $(wildcard $(top_srcdir)/po/*.po) ; $(INTLTOOL_V_MERGE)LC_ALL=C $(INTLTOOL_MERGE) $(INTLTOOL_V_MERGE_OPTIONS) -k -u -c $(top_builddir)/po/.intltool-merge-cache $(top_srcdir)/po $< $@'
INTLTOOL_MERGE='/usr/bin/intltool-merge'
INTLTOOL_OAF_RULE='%.oaf:       %.oaf.in       $(INTLTOOL_MERGE) $(wildcard $(top_srcdir)/po/*.po) ; $(INTLTOOL_V_MERGE)LC_ALL=C $(INTLTOOL_MERGE) $(INTLTOOL_V_MERGE_OPTIONS) -o -p $(top_srcdir)/po $< $@'
INTLTOOL_PERL='/usr/bin/perl'
INTLTOOL_POLICY_RULE='%.policy:    %.policy.in    $(INTLTOOL_MERGE) $(wildcard $(top_srcdir)/po/*.po) ; $(INTLTOOL_V_MERGE)LC_ALL=C $(INTLTOOL_MERGE) $(INTLTOOL_V_MERGE_OPTIONS) -x -u -c $(top_builddir)/po/.intltool-merge-cache $(top_srcdir)/po $< $@'
INTLTOOL_PONG_RULE='%.pong:      %.pong.in      $(INTLTOOL_MERGE) $(wildcard $(top_srcdir)/po/*.po) ; $(INTLTOOL_V_MERGE)LC_ALL=C $(INTLTOOL_MERGE) $(INTLTOOL_V_MERGE_OPTIONS) -x -u -c $(top_builddir)/po/.intltool-merge-cache $(top_srcdir)/po $< $@'
INTLTOOL_PROP_RULE='%.prop:      %.prop.in      $(INTLTOOL_MERGE) $(wildcard $(top_srcdir)/po/*.po) ; $(INTLTOOL_V_MERGE)LC_ALL=C $(INTLTOOL_MERGE) $(INTLTOOL_V_MERGE_OPTIONS) -d -u -c $(top_builddir)/po/.intltool-merge-cache $(top_srcdir)/po $< $@'
INTLTOOL_SCHEMAS_RULE='%.schemas:   %.schemas.in   $(INTLTOOL_MERGE) $(wildcard $(top_srcdir)/po/*.po) ; $(INTLTOOL_V_MERGE)LC_ALL=C $(INTLTOOL_MERGE) $(INTLTOOL_V_MERGE_OPTIONS) -s -u -c $(top_builddir)/po/.intltool-merge-cache $(top_srcdir)/po $< $@'
INTLTOOL_SERVER_RULE='%.server:    %.server.in    $(INTLTOOL_MERGE) $(wildcard $(top_srcdir)/po/*.po) ; $(INTLTOOL_V_MERGE)LC_ALL=C $(INTLTOOL_MERGE) $(INTLTOOL_V_MERGE_OPTIONS) -o -u -c $(top_builddir)/po/.intltool-merge-cache $(top_srcdir)/po $< $@'
INTLTOOL_SERVICE_RULE='%.service: %.service.in   $(INTLTOOL_MERGE) $(wildcard $(top_srcdir)/po/*.po) ; $(INTLTOOL_V_MERGE)LC_ALL=C $(INTLTOOL_MERGE) $(INTLTOOL_V_MERGE_OPTIONS) -d -u -c $(top_builddir)/po/.intltool-merge-cache $(top_srcdir)/po $< $@'
INTLTOOL_SHEET_RULE='%.sheet:     %.sheet.in     $(INTLTOOL_MERGE) $(wildcard $(top_srcdir)/po/*.po) ; $(INTLTOOL_V_MERGE)LC_ALL=C $(INTLTOOL_MERGE) $(INTLTOOL_V_MERGE_OPTIONS) -x -u -c $(top_builddir)/po/.intltool-merge-cache $(top_srcdir)/po $< $@'
INTLTOOL_SOUNDLIST_RULE='%.soundlist: %.soundlist.in $(INTLTOOL_MERGE) $(wildcard $(top_srcdir)/po/*.po) ; $(INTLTOOL_V_MERGE)LC_ALL=C $(INTLTOOL_MERGE) $(INTLTOOL_V_MERGE_OPTIONS) -d -u -c $(top_builddir)/po/.intltool-merge-cache $(top_srcdir)/po $< $@'
INTLTOOL_THEME_RULE='%.theme:     %.theme.in     $(INTLTOOL_MERGE) $(wildcard $(top_srcdir)/po/*.po) ; $(INTLTOOL_V_MERGE)LC_ALL=C $(INTLTOOL_MERGE) $(INTLTOOL_V_MERGE_OPTIONS) -d -u -c $(top_builddir)/po/.intltool-merge-cache $(top_srcdir)/po $< $@'
INTLTOOL_UI_RULE='%.ui:        %.ui.in        $(INTLTOOL_MERGE) $(wildcard $(top_srcdir)/po/*.po) ; $(INTLTOOL_V_MERGE)LC_ALL=C $(INTLTOOL_MERGE) $(INTLTOOL_V_MERGE_OPTIONS) -x -u -c $(top_builddir)/po/.intltool-merge-cache $(top_srcdir)/po $< $@'
INTLTOOL_UPDATE='/usr/bin/intltool-update'
INTLTOOL_V_MERGE='$(INTLTOOL__v_MERGE_$(V))'
INTLTOOL_V_MERGE_OPTIONS='$(intltool__v_merge_options_$(V))'
INTLTOOL_XAM_RULE='%.xam:       %.xml.in       $(INTLTOOL_MERGE) $(wildcard $(top_srcdir)/po/*.po) ; $(INTLTOOL_V_MERGE)LC_ALL=C $(INTLTOOL_MERGE) $(INTLTOOL_V_MERGE_OPTIONS) -x -u -c $(top_builddir)/po/.intltool-merge-cache $(top_srcdir)/po $< $@'
INTLTOOL_XML_NOMERGE_RULE='%.xml:       %.xml.in       $(INTLTOOL_MERGE) ; $(INTLTOOL_V_MERGE)LC_ALL=C $(INTLTOOL_MERGE) $(INTLTOOL_V_MERGE_OPTIONS) -x -u --no-translations $< $@'
INTLTOOL_XML_RULE='%.xml:       %.xml.in       $(INTLTOOL_MERGE) $(wildcard $(top_srcdir)/po/*.po) ; $(INTLTOOL_V_MERGE)LC_ALL=C $(INTLTOOL_MERGE) $(INTLTOOL_V_MERGE_OPTIONS) -x -u -c $(top_builddir)/po/.intltool-merge-cache $(top_srcdir)/po $< $@'
INTLTOOL__v_MERGE_0='@echo "  ITMRG " $@;'
INTLTOOL__v_MERGE_='$(INTLTOOL__v_MERGE_$(AM_DEFAULT_VERBOSITY))'
LD='/usr/bin/ld -m elf_x86_64'
LDFLAGS=''
LIBOBJS=''
LIBS=''
LIBTOOL='$(SHELL) $(top_builddir)/libtool'
LIPO=''
LN_S='ln -s'
LTLIBOBJS=''
MAKEINFO='${SHELL} /home/profding/Desktop/GTK+2.0/Interface/gtk-foobar/missing makeinfo'
MANIFEST_TOOL=':'
MKDIR_P='/bin/mkdir -p'
MKINSTALLDIRS='/home/profding/Desktop/GTK+2.0/Interface/gtk-foobar/mkinstalldirs'
MSGFMT='/usr/bin/msgfmt'
MSGFMT_OPTS='-c'
MSGMERGE='/usr/bin/msgmerge'
NM='/usr/bin/nm -B'
NMEDIT=''
OBJDUMP='objdump'
OBJEXT='o'
OTOOL64=''
OTOOL=''
PACKAGE='gtk_foobar'
PACKAGE_BUGREPORT=''
PACKAGE_NAME='gtk_foobar'
PACKAGE_STRING='gtk_foobar 0.1'
PACKAGE_TARNAME='gtk_foobar'
PACKAGE_URL=''
PACKAGE_VERSION='0.1'
PATH_SEPARATOR=':'
PKG_CONFIG='/usr/bin/pkg-config'
PKG_CONFIG_LIBDIR=''
PKG_CONFIG_PATH=''
POFILES=''
POSUB='po'
PO_IN_DATADIR_FALSE=''
PO_IN_DATADIR_TRUE=''
RANLIB='ranlib'
SED='/bin/sed'
SET_MAKE=''
SHELL='/bin/bash'
STRIP='strip'
USE_NLS='yes'
VERSION='0.1'
XGETTEXT='/usr/bin/xgettext'
ac_ct_AR='ar'
ac_ct_CC='gcc'
ac_ct_DUMPBIN=''
am__EXEEXT_FALSE=''
am__EXEEXT_TRUE='#'
am__fastdepCC_FALSE='#'
am__fastdepCC_TRUE=''
am__include='include'
am__isrc=' -I$(srcdir)'
am__leading_dot='.'
am__nodep='_no'
am__quote=''
am__tar='$${TAR-tar} chof - "$$tardir"'
am__untar='$${TAR-tar} xf -'
bindir='${exec_prefix}/bin'
build='x86_64-unknown-linux-gnu'
build_alias=''
build_cpu='x86_64'
build_os='linux-gnu'
build_vendor='unknown'
datadir='${datarootdir}'
datarootdir='${prefix}/share'
docdir='${datarootdir}/doc/${PACKAGE_TARNAME}'
dvidir='${docdir}'
exec_prefix='${prefix}'
host='x86_64-unknown-linux-gnu'
host_alias=''
host_cpu='x86_64'
host_os='linux-gnu'
host_vendor='unknown'
htmldir='${docdir}'
includedir='${prefix}/include'
infodir='${datarootdir}/info'
install_sh='${SHELL} /home/profding/Desktop/GTK+2.0/Interface/gtk-foobar/install-sh'
intltool__v_merge_options_0='-q'
intltool__v_merge_options_='$(intltool__v_merge_options_$(AM_DEFAULT_VERBOSITY))'
libdir='${exec_prefix}/lib'
libexecdir='${exec_prefix}/libexec'
localedir='${datarootdir}/locale'
localstatedir='${prefix}/var'
mandir='${datarootdir}/man'
mkdir_p='$(MKDIR_P)'
oldincludedir='/usr/include'
pdfdir='${docdir}'
prefix='/usr/local'
program_transform_name='s,x,x,'
psdir='${docdir}'
sbindir='${exec_prefix}/sbin'
sharedstatedir='${prefix}/com'
sysconfdir='${prefix}/etc'
target_alias=''

## ----------- ##
## confdefs.h. ##
## ----------- ##

/* confdefs.h */
#define PACKAGE_NAME "gtk_foobar"
#define PACKAGE_TARNAME "gtk_foobar"
#define PACKAGE_VERSION "0.1"
#define PACKAGE_STRING "gtk_foobar 0.1"
#define PACKAGE_BUGREPORT ""
#define PACKAGE_URL ""
#define PACKAGE "gtk_foobar"
#define VERSION "0.1"
#define GETTEXT_PACKAGE "gtk_foobar"
#define STDC_HEADERS 1
#define HAVE_SYS_TYPES_H 1
#define HAVE_SYS_STAT_H 1
#define HAVE_STDLIB_H 1
#define HAVE_STRING_H 1
#define HAVE_MEMORY_H 1
#define HAVE_STRINGS_H 1
#define HAVE_INTTYPES_H 1
#define HAVE_STDINT_H 1
#define HAVE_UNISTD_H 1
#define HAVE_LOCALE_H 1
#define HAVE_LC_MESSAGES 1
#define HAVE_BIND_TEXTDOMAIN_CODESET 1
#define HAVE_GETTEXT 1
#define HAVE_DCGETTEXT 1
#define ENABLE_NLS 1
#define HAVE_DLFCN_H 1
#define LT_OBJDIR ".libs/"

configure: exit 0
